<?xml version="1.0" encoding="UTF-8"?>
<!-- Generated by org.testng.reporters.JUnitReportReporter -->
<testsuite hostname="DESKTOP-8MS1SLJ" failures="0" tests="7" name="Com.TestNG.Annotations1" time="0.010" errors="0" timestamp="2023-12-02T11:15:48 IST" skipped="1">
  <testcase classname="Com.TestNG.Annotations1" name="gmailApplicationLaunch" time="0.005"/>
  <system-out/>
  <testcase classname="Com.TestNG.Annotations1" name="gmailApplicationLogInTest" time="0.001"/>
  <system-out/>
  <testcase classname="Com.TestNG.Annotations1" name="gmailApplicationInBoxTest" time="0.001"/>
  <system-out/>
  <testcase classname="Com.TestNG.Annotations1" name="GmailApplicationComposeMailTest" time="0.001"/>
  <system-out/>
  <testcase classname="Com.TestNG.Annotations1" name="GmailApplicationSentMailTest" time="0.001"/>
  <system-out/>
  <testcase classname="Com.TestNG.Annotations1" name="GmailApplicationClose" time="0.001"/>
  <system-out/>
  <testcase classname="Com.TestNG.Annotations1" name="GmailApplicationDraftsMailTest">
    <skipped/>
  </testcase> <!-- GmailApplicationDraftsMailTest -->
  <system-out/>
</testsuite> <!-- Com.TestNG.Annotations1 -->
