<?xml version="1.0" encoding="UTF-8"?>
<!-- Generated by org.testng.reporters.JUnitReportReporter -->
<testsuite hostname="DESKTOP-8MS1SLJ" failures="0" tests="1" name="Com.operatingbrowserwithtestng.Loogintest" time="2.158" errors="0" timestamp="2023-12-04T16:20:05 IST" skipped="0">
  <testcase classname="Com.operatingbrowserwithtestng.Loogintest" name="logintest" time="2.158"/>
  <system-out/>
</testsuite> <!-- Com.operatingbrowserwithtestng.Loogintest -->
